#
# There is insufficient memory for the Java Runtime Environment to continue.
# Native memory allocation (malloc) failed to allocate 1048576 bytes. Error detail: AllocateHeap
# Possible reasons:
#   The system is out of physical RAM or swap space
#   This process is running with CompressedOops enabled, and the Java Heap may be blocking the growth of the native heap
# Possible solutions:
#   Reduce memory load on the system
#   Increase physical memory or swap space
#   Check if swap backing store is full
#   Decrease Java heap size (-Xmx/-Xms)
#   Decrease number of Java threads
#   Decrease Java thread stack sizes (-Xss)
#   Set larger code cache with -XX:ReservedCodeCacheSize=
#   JVM is running with Unscaled Compressed Oops mode in which the Java heap is
#     placed in the first 4GB address space. The Java Heap base address is the
#     maximum limit for the native heap growth. Please use -XX:HeapBaseMinAddress
#     to set the Java Heap base and to place the Java Heap above 4GB virtual address.
# This output file may be truncated or incomplete.
#
#  Out of Memory Error (allocation.cpp:44), pid=23732, tid=25168
#
# JRE version: OpenJDK Runtime Environment Temurin-21.0.8+9 (21.0.8+9) (build 21.0.8+9-LTS)
# Java VM: OpenJDK 64-Bit Server VM Temurin-21.0.8+9 (21.0.8+9-LTS, mixed mode, sharing, tiered, compressed oops, compressed class ptrs, parallel gc, windows-amd64)
# No core dump will be written. Minidumps are not enabled by default on client versions of Windows
#

---------------  S U M M A R Y ------------

Command Line: --add-modules=ALL-SYSTEM --add-opens=java.base/java.util=ALL-UNNAMED --add-opens=java.base/java.lang=ALL-UNNAMED --add-opens=java.base/sun.nio.fs=ALL-UNNAMED -Declipse.application=org.eclipse.jdt.ls.core.id1 -Dosgi.bundles.defaultStartLevel=4 -Declipse.product=org.eclipse.jdt.ls.core.product -Djava.import.generatesMetadataFilesAtProjectRoot=false -DDetectVMInstallationsJob.disabled=true -Dfile.encoding=utf8 -XX:+UseParallelGC -XX:GCTimeRatio=4 -XX:AdaptiveSizePolicyWeight=90 -Dsun.zip.disableMemoryMapping=true -Xmx2G -Xms100m -Xlog:disable -javaagent:c:\Users\cuba3\.vscode\extensions\redhat.java-1.47.0-win32-x64\lombok\lombok-1.18.39-4050.jar -XX:+HeapDumpOnOutOfMemoryError -XX:HeapDumpPath=c:\Users\cuba3\AppData\Roaming\Code\User\workspaceStorage\5fe124b1f7290ef7a60509aa5c3e75d6\redhat.java -Daether.dependencyCollector.impl=bf c:\Users\cuba3\.vscode\extensions\redhat.java-1.47.0-win32-x64\server\plugins\org.eclipse.equinox.launcher_1.7.100.v20251014-1222.jar -configuration c:\Users\cuba3\AppData\Roaming\Code\User\globalStorage\redhat.java\1.47.0\config_win -data c:\Users\cuba3\AppData\Roaming\Code\User\workspaceStorage\5fe124b1f7290ef7a60509aa5c3e75d6\redhat.java\jdt_ws --pipe=\\.\pipe\lsp-7afb79735c61e2840121433924f45fda-sock

Host: Intel(R) Core(TM) i7-10750H CPU @ 2.60GHz, 12 cores, 15G,  Windows 11 , 64 bit Build 26100 (10.0.26100.6725)
Time: Thu Nov  6 11:59:45 2025 SE Asia Standard Time elapsed time: 7765.725627 seconds (0d 2h 9m 25s)

---------------  T H R E A D  ---------------

Current thread (0x00000199e9d84ee0):  JavaThread "Attach Listener" daemon [_thread_in_vm, id=25168, stack(0x000000895e100000,0x000000895e200000) (1024K)]

Stack: [0x000000895e100000,0x000000895e200000]
Native frames: (J=compiled Java code, j=interpreted, Vv=VM code, C=native code)
V  [jvm.dll+0x6d2449]
V  [jvm.dll+0x8ae341]
V  [jvm.dll+0x8b08be]
V  [jvm.dll+0x8b0fa3]
V  [jvm.dll+0x280c96]
V  [jvm.dll+0xc0347]
V  [jvm.dll+0x6d2cf9]
V  [jvm.dll+0x131116]
V  [jvm.dll+0x3f2d16]
V  [jvm.dll+0x857e6b]
V  [jvm.dll+0x6d0b0d]
C  [ucrtbase.dll+0x37b0]
C  [KERNEL32.DLL+0x2e8d7]
C  [ntdll.dll+0x8c53c]


---------------  P R O C E S S  ---------------

Threads class SMR info:
_java_thread_list=0x00000199d7055540, length=38, elements={
0x00000199e9ce4a50, 0x00000199e9c8e310, 0x00000199e9d80fa0, 0x00000199e9d84010,
0x00000199e9d84ee0, 0x00000199e9d871c0, 0x00000199e9d8e500, 0x00000199e9d97340,
0x00000199e9d941e0, 0x00000199fdadd220, 0x00000199fdd507b0, 0x00000199ff13cd20,
0x00000199c92768a0, 0x00000199ff127790, 0x00000199fee80f30, 0x00000199c9335d20,
0x00000199c94b4460, 0x00000199c97da750, 0x00000199c97dade0, 0x00000199c97db470,
0x00000199c97d93a0, 0x00000199c9ecac40, 0x00000199c9ec9200, 0x00000199c9ec7e50,
0x00000199c9ec9f20, 0x00000199c9ecb2d0, 0x00000199c9ec84e0, 0x00000199c9ecb960,
0x00000199c9ecbff0, 0x00000199c9ec8b70, 0x00000199c9ecc680, 0x00000199c9eca5b0,
0x00000199c9ec9890, 0x00000199c9ecd3a0, 0x00000199c9ecda30, 0x00000199c9ece0c0,
0x00000199c9ecede0, 0x00000199ff1113f0
}

Java Threads: ( => current thread )
  0x00000199e9ce4a50 JavaThread "main"                              [_thread_blocked, id=12272, stack(0x000000895da00000,0x000000895db00000) (1024K)]
  0x00000199e9c8e310 JavaThread "Reference Handler"          daemon [_thread_blocked, id=2840, stack(0x000000895de00000,0x000000895df00000) (1024K)]
  0x00000199e9d80fa0 JavaThread "Finalizer"                  daemon [_thread_blocked, id=26448, stack(0x000000895df00000,0x000000895e000000) (1024K)]
  0x00000199e9d84010 JavaThread "Signal Dispatcher"          daemon [_thread_blocked, id=20380, stack(0x000000895e000000,0x000000895e100000) (1024K)]
=>0x00000199e9d84ee0 JavaThread "Attach Listener"            daemon [_thread_in_vm, id=25168, stack(0x000000895e100000,0x000000895e200000) (1024K)]
  0x00000199e9d871c0 JavaThread "Service Thread"             daemon [_thread_blocked, id=7496, stack(0x000000895e200000,0x000000895e300000) (1024K)]
  0x00000199e9d8e500 JavaThread "Monitor Deflation Thread"   daemon [_thread_blocked, id=25688, stack(0x000000895e300000,0x000000895e400000) (1024K)]
  0x00000199e9d97340 JavaThread "C2 CompilerThread0"         daemon [_thread_blocked, id=26340, stack(0x000000895e400000,0x000000895e500000) (1024K)]
  0x00000199e9d941e0 JavaThread "C1 CompilerThread0"         daemon [_thread_blocked, id=23544, stack(0x000000895e500000,0x000000895e600000) (1024K)]
  0x00000199fdadd220 JavaThread "Common-Cleaner"             daemon [_thread_blocked, id=4800, stack(0x000000895e600000,0x000000895e700000) (1024K)]
  0x00000199fdd507b0 JavaThread "Notification Thread"        daemon [_thread_blocked, id=19152, stack(0x000000895e800000,0x000000895e900000) (1024K)]
  0x00000199ff13cd20 JavaThread "Active Thread: Equinox Container: 92009c7f-d368-4ce3-a3e2-22a8b3fddc30"        [_thread_blocked, id=25240, stack(0x000000895f000000,0x000000895f100000) (1024K)]
  0x00000199c92768a0 JavaThread "Refresh Thread: Equinox Container: 92009c7f-d368-4ce3-a3e2-22a8b3fddc30" daemon [_thread_blocked, id=9072, stack(0x000000895f100000,0x000000895f200000) (1024K)]
  0x00000199ff127790 JavaThread "Framework Event Dispatcher: Equinox Container: 92009c7f-d368-4ce3-a3e2-22a8b3fddc30" daemon [_thread_blocked, id=12476, stack(0x000000895f300000,0x000000895f400000) (1024K)]
  0x00000199fee80f30 JavaThread "Start Level: Equinox Container: 92009c7f-d368-4ce3-a3e2-22a8b3fddc30" daemon [_thread_blocked, id=17588, stack(0x000000895f400000,0x000000895f500000) (1024K)]
  0x00000199c9335d20 JavaThread "Bundle File Closer"         daemon [_thread_blocked, id=15924, stack(0x000000895f700000,0x000000895f800000) (1024K)]
  0x00000199c94b4460 JavaThread "SCR Component Actor"        daemon [_thread_blocked, id=25520, stack(0x000000895f800000,0x000000895f900000) (1024K)]
  0x00000199c97da750 JavaThread "Worker-JM"                         [_thread_blocked, id=3848, stack(0x000000895f900000,0x000000895fa00000) (1024K)]
  0x00000199c97dade0 JavaThread "Java indexing"              daemon [_thread_blocked, id=18232, stack(0x000000895fc00000,0x000000895fd00000) (1024K)]
  0x00000199c97db470 JavaThread "JNA Cleaner"                daemon [_thread_blocked, id=5324, stack(0x000000895fd00000,0x000000895fe00000) (1024K)]
  0x00000199c97d93a0 JavaThread "Thread-1"                   daemon [_thread_in_native, id=6328, stack(0x0000008960200000,0x0000008960300000) (1024K)]
  0x00000199c9ecac40 JavaThread "Thread-2"                   daemon [_thread_in_native, id=20112, stack(0x0000008960300000,0x0000008960400000) (1024K)]
  0x00000199c9ec9200 JavaThread "Thread-3"                   daemon [_thread_in_native, id=9032, stack(0x0000008960400000,0x0000008960500000) (1024K)]
  0x00000199c9ec7e50 JavaThread "Thread-4"                   daemon [_thread_in_native, id=13460, stack(0x0000008960500000,0x0000008960600000) (1024K)]
  0x00000199c9ec9f20 JavaThread "Thread-5"                   daemon [_thread_in_native, id=604, stack(0x0000008960600000,0x0000008960700000) (1024K)]
  0x00000199c9ecb2d0 JavaThread "Thread-6"                   daemon [_thread_in_native, id=18648, stack(0x0000008960700000,0x0000008960800000) (1024K)]
  0x00000199c9ec84e0 JavaThread "Thread-7"                   daemon [_thread_in_native, id=15996, stack(0x0000008960800000,0x0000008960900000) (1024K)]
  0x00000199c9ecb960 JavaThread "Thread-8"                   daemon [_thread_in_native, id=21956, stack(0x0000008960900000,0x0000008960a00000) (1024K)]
  0x00000199c9ecbff0 JavaThread "Thread-9"                   daemon [_thread_in_native, id=21228, stack(0x0000008960a00000,0x0000008960b00000) (1024K)]
  0x00000199c9ec8b70 JavaThread "Thread-10"                  daemon [_thread_in_native, id=25268, stack(0x0000008960b00000,0x0000008960c00000) (1024K)]
  0x00000199c9ecc680 JavaThread "Thread-11"                  daemon [_thread_in_native, id=17024, stack(0x0000008960c00000,0x0000008960d00000) (1024K)]
  0x00000199c9eca5b0 JavaThread "Thread-12"                  daemon [_thread_in_native, id=15760, stack(0x0000008960d00000,0x0000008960e00000) (1024K)]
  0x00000199c9ec9890 JavaThread "Thread-13"                  daemon [_thread_in_native, id=21660, stack(0x0000008960f00000,0x0000008961000000) (1024K)]
  0x00000199c9ecd3a0 JavaThread "pool-2-thread-1"                   [_thread_blocked, id=23512, stack(0x0000008961000000,0x0000008961100000) (1024K)]
  0x00000199c9ecda30 JavaThread "Worker-5"                          [_thread_blocked, id=4252, stack(0x0000008961100000,0x0000008961200000) (1024K)]
  0x00000199c9ece0c0 JavaThread "WorkspaceEventsHandler"            [_thread_blocked, id=1232, stack(0x0000008961300000,0x0000008961400000) (1024K)]
  0x00000199c9ecede0 JavaThread "pool-1-thread-1"                   [_thread_blocked, id=18780, stack(0x0000008961400000,0x0000008961500000) (1024K)]
  0x00000199ff1113f0 JavaThread "Worker-6"                          [_thread_blocked, id=9512, stack(0x0000008961500000,0x0000008961600000) (1024K)]
Total: 38

Other Threads:
  0x00000199e9c74960 VMThread "VM Thread"                           [id=5412, stack(0x000000895dd00000,0x000000895de00000) (1024K)]
  0x00000199e9b6ca00 WatcherThread "VM Periodic Task Thread"        [id=15748, stack(0x000000895dc00000,0x000000895dd00000) (1024K)]
  0x00000199e9d02070 WorkerThread "GC Thread#0"                     [id=5176, stack(0x000000895db00000,0x000000895dc00000) (1024K)]
  0x00000199fe9e4290 WorkerThread "GC Thread#1"                     [id=18856, stack(0x000000895ea00000,0x000000895eb00000) (1024K)]
  0x00000199c916c630 WorkerThread "GC Thread#2"                     [id=3692, stack(0x000000895eb00000,0x000000895ec00000) (1024K)]
  0x00000199c916cbe0 WorkerThread "GC Thread#3"                     [id=6452, stack(0x000000895ec00000,0x000000895ed00000) (1024K)]
  0x00000199fefdd420 WorkerThread "GC Thread#4"                     [id=22348, stack(0x000000895ed00000,0x000000895ee00000) (1024K)]
  0x00000199fef1a070 WorkerThread "GC Thread#5"                     [id=18492, stack(0x000000895ee00000,0x000000895ef00000) (1024K)]
  0x00000199fef1a410 WorkerThread "GC Thread#6"                     [id=16816, stack(0x000000895ef00000,0x000000895f000000) (1024K)]
  0x00000199ff0c8150 WorkerThread "GC Thread#7"                     [id=4204, stack(0x000000895f200000,0x000000895f300000) (1024K)]
  0x00000199ff0c7db0 WorkerThread "GC Thread#8"                     [id=9832, stack(0x000000895f500000,0x000000895f600000) (1024K)]
  0x00000199ff0c8890 WorkerThread "GC Thread#9"                     [id=10924, stack(0x000000895f600000,0x000000895f700000) (1024K)]
Total: 12

Threads with active compile tasks:
Total: 0

VM state: not at safepoint (normal execution)

VM Mutex/Monitor currently owned by a thread: None

Heap address: 0x0000000080000000, size: 2048 MB, Compressed Oops mode: 32-bit

CDS archive(s) mapped at: [0x0000019984000000-0x0000019984ba0000-0x0000019984ba0000), size 12189696, SharedBaseAddress: 0x0000019984000000, ArchiveRelocationMode: 1.
Compressed class space mapped at: 0x0000019985000000-0x00000199c5000000, reserved size: 1073741824
Narrow klass base: 0x0000019984000000, Narrow klass shift: 0, Narrow klass range: 0x100000000

GC Precious Log:
 CardTable entry size: 512
 CPUs: 12 total, 12 available
 Memory: 16202M
 Large Page Support: Disabled
 NUMA Support: Disabled
 Compressed Oops: Enabled (32-bit)
 Alignments: Space 512K, Generation 512K, Heap 2M
 Heap Min Capacity: 100M
 Heap Initial Capacity: 100M
 Heap Max Capacity: 2G
 Pre-touch: Disabled
 Parallel Workers: 10

Heap:
 PSYoungGen      total 5632K, used 565K [0x00000000d5580000, 0x00000000d5c80000, 0x0000000100000000)
  eden space 5120K, 4% used [0x00000000d5580000,0x00000000d55bd6b0,0x00000000d5a80000)
  from space 512K, 62% used [0x00000000d5c00000,0x00000000d5c50000,0x00000000d5c80000)
  to   space 512K, 0% used [0x00000000d5b80000,0x00000000d5b80000,0x00000000d5c00000)
 ParOldGen       total 603648K, used 603300K [0x0000000080000000, 0x00000000a4d80000, 0x00000000d5580000)
  object space 603648K, 99% used [0x0000000080000000,0x00000000a4d293f0,0x00000000a4d80000)
 Metaspace       used 73340K, committed 74944K, reserved 1179648K
  class space    used 7806K, committed 8512K, reserved 1048576K

Card table byte_map: [0x00000199e9680000,0x00000199e9a90000] _byte_map_base: 0x00000199e9280000

Marking Bits: (ParMarkBitMap*) 0x00007ffbf12da340
 Begin Bits: [0x0000019980000000, 0x0000019982000000)
 End Bits:   [0x0000019982000000, 0x0000019984000000)

Polling page: 0x00000199e7a70000

Metaspace:

Usage:
  Non-class:     64.00 MB used.
      Class:      7.62 MB used.
       Both:     71.62 MB used.

Virtual space:
  Non-class space:      128.00 MB reserved,      64.88 MB ( 51%) committed,  2 nodes.
      Class space:        1.00 GB reserved,       8.31 MB ( <1%) committed,  1 nodes.
             Both:        1.12 GB reserved,      73.19 MB (  6%) committed. 

Chunk freelists:
   Non-Class:  14.55 MB
       Class:  7.72 MB
        Both:  22.27 MB

MaxMetaspaceSize: unlimited
CompressedClassSpaceSize: 1.00 GB
Initial GC threshold: 21.00 MB
Current GC threshold: 97.31 MB
CDS: on
 - commit_granule_bytes: 65536.
 - commit_granule_words: 8192.
 - virtual_space_node_default_size: 8388608.
 - enlarge_chunks_in_place: 1.
 - use_allocation_guard: 0.


Internal statistics:

num_allocs_failed_limit: 11.
num_arena_births: 1382.
num_arena_deaths: 48.
num_vsnodes_births: 3.
num_vsnodes_deaths: 0.
num_space_committed: 1171.
num_space_uncommitted: 0.
num_chunks_returned_to_freelist: 73.
num_chunks_taken_from_freelist: 4646.
num_chunk_merges: 16.
num_chunk_splits: 2872.
num_chunks_enlarged: 1660.
num_inconsistent_stats: 0.

CodeHeap 'non-profiled nmethods': size=120000Kb used=13341Kb max_used=13341Kb free=106658Kb
 bounds [0x00000199f49a0000, 0x00000199f56b0000, 0x00000199fbed0000]
CodeHeap 'profiled nmethods': size=120000Kb used=35161Kb max_used=35161Kb free=84838Kb
 bounds [0x00000199eced0000, 0x00000199ef130000, 0x00000199f4400000]
CodeHeap 'non-nmethods': size=5760Kb used=1485Kb max_used=1603Kb free=4274Kb
 bounds [0x00000199f4400000, 0x00000199f4670000, 0x00000199f49a0000]
CodeCache: size=245760Kb, used=49987Kb, max_used=50105Kb, free=195770Kb
 total_blobs=15375, nmethods=14568, adapters=712, full_count=0
Compilation: enabled, stopped_count=0, restarted_count=0

Compilation events (20 events):
Event: 3903.092 Thread 0x00000199e9d941e0 15304       3       org.eclipse.core.internal.resources.ResourceInfo::shareStrings (43 bytes)
Event: 3903.093 Thread 0x00000199e9d941e0 nmethod 15304 0x00000199ef120f90 code [0x00000199ef121160, 0x00000199ef121428]
Event: 3962.608 Thread 0x00000199e9d941e0 15305   !   3       java.util.concurrent.locks.AbstractQueuedSynchronizer::tryInitializeHead (66 bytes)
Event: 3962.609 Thread 0x00000199e9d941e0 nmethod 15305 0x00000199ef121590 code [0x00000199ef121780, 0x00000199ef121ca8]
Event: 4628.341 Thread 0x00000199e9d941e0 15306   !   3       java.util.concurrent.locks.AbstractQueuedSynchronizer::acquire (424 bytes)
Event: 4628.342 Thread 0x00000199e9d941e0 nmethod 15306 0x00000199ef121e90 code [0x00000199ef122220, 0x00000199ef123a08]
Event: 6809.252 Thread 0x00000199e9d941e0 15307   !   3       java.util.logging.LogManager::getUserContext (118 bytes)
Event: 6809.254 Thread 0x00000199e9d941e0 nmethod 15307 0x00000199ef124210 code [0x00000199ef1243c0, 0x00000199ef124630]
Event: 6809.254 Thread 0x00000199e9d941e0 15308       3       jdk.internal.access.SharedSecrets::getJavaAWTAccess (4 bytes)
Event: 6809.254 Thread 0x00000199e9d941e0 nmethod 15308 0x00000199ef124790 code [0x00000199ef124920, 0x00000199ef124a18]
Event: 7090.525 Thread 0x00000199e9d97340 15309       4       java.util.concurrent.locks.LockSupport::setBlocker (12 bytes)
Event: 7090.527 Thread 0x00000199e9d97340 nmethod 15309 0x00000199f56a6c10 code [0x00000199f56a6d80, 0x00000199f56a6e08]
Event: 7164.197 Thread 0x00000199e9d97340 15310       4       java.util.concurrent.ThreadPoolExecutor::runStateAtLeast (11 bytes)
Event: 7164.198 Thread 0x00000199e9d97340 nmethod 15310 0x00000199f56a6f10 code [0x00000199f56a7080, 0x00000199f56a70f8]
Event: 7229.375 Thread 0x00000199e9d97340 15311       4       java.util.concurrent.locks.AbstractQueuedSynchronizer$Node::setStatusRelaxed (12 bytes)
Event: 7229.375 Thread 0x00000199e9d97340 nmethod 15311 0x00000199f56a7210 code [0x00000199f56a73a0, 0x00000199f56a7430]
Event: 7439.427 Thread 0x00000199e9d941e0 15312       3       java.util.logging.LogManager::getLogManager (16 bytes)
Event: 7439.427 Thread 0x00000199e9d941e0 nmethod 15312 0x00000199ef124a90 code [0x00000199ef124c40, 0x00000199ef124d80]
Event: 7499.448 Thread 0x00000199e9d941e0 15313   !   3       java.util.logging.LogManager$LoggerContext::findLogger (113 bytes)
Event: 7499.454 Thread 0x00000199e9d941e0 nmethod 15313 0x00000199ef124e10 code [0x00000199ef1250c0, 0x00000199ef126020]

GC Heap History (20 events):
Event: 43.766 GC heap before
{Heap before GC invocations=1186 (full 3):
 PSYoungGen      total 6144K, used 5760K [0x00000000d5580000, 0x00000000d5d80000, 0x0000000100000000)
  eden space 5632K, 100% used [0x00000000d5580000,0x00000000d5b00000,0x00000000d5b00000)
  from space 512K, 25% used [0x00000000d5d00000,0x00000000d5d20000,0x00000000d5d80000)
  to   space 512K, 0% used [0x00000000d5c80000,0x00000000d5c80000,0x00000000d5d00000)
 ParOldGen       total 601600K, used 601152K [0x0000000080000000, 0x00000000a4b80000, 0x00000000d5580000)
  object space 601600K, 99% used [0x0000000080000000,0x00000000a4b10280,0x00000000a4b80000)
 Metaspace       used 73177K, committed 74816K, reserved 1179648K
  class space    used 7803K, committed 8512K, reserved 1048576K
}
Event: 43.767 GC heap after
{Heap after GC invocations=1186 (full 3):
 PSYoungGen      total 6144K, used 288K [0x00000000d5580000, 0x00000000d5d80000, 0x0000000100000000)
  eden space 5632K, 0% used [0x00000000d5580000,0x00000000d5580000,0x00000000d5b00000)
  from space 512K, 56% used [0x00000000d5c80000,0x00000000d5cc8000,0x00000000d5d00000)
  to   space 512K, 0% used [0x00000000d5d00000,0x00000000d5d00000,0x00000000d5d80000)
 ParOldGen       total 601600K, used 601192K [0x0000000080000000, 0x00000000a4b80000, 0x00000000d5580000)
  object space 601600K, 99% used [0x0000000080000000,0x00000000a4b1a280,0x00000000a4b80000)
 Metaspace       used 73177K, committed 74816K, reserved 1179648K
  class space    used 7803K, committed 8512K, reserved 1048576K
}
Event: 43.807 GC heap before
{Heap before GC invocations=1187 (full 3):
 PSYoungGen      total 6144K, used 5920K [0x00000000d5580000, 0x00000000d5d80000, 0x0000000100000000)
  eden space 5632K, 100% used [0x00000000d5580000,0x00000000d5b00000,0x00000000d5b00000)
  from space 512K, 56% used [0x00000000d5c80000,0x00000000d5cc8000,0x00000000d5d00000)
  to   space 512K, 0% used [0x00000000d5d00000,0x00000000d5d00000,0x00000000d5d80000)
 ParOldGen       total 601600K, used 601192K [0x0000000080000000, 0x00000000a4b80000, 0x00000000d5580000)
  object space 601600K, 99% used [0x0000000080000000,0x00000000a4b1a280,0x00000000a4b80000)
 Metaspace       used 73187K, committed 74816K, reserved 1179648K
  class space    used 7803K, committed 8512K, reserved 1048576K
}
Event: 43.809 GC heap after
{Heap after GC invocations=1187 (full 3):
 PSYoungGen      total 6144K, used 256K [0x00000000d5580000, 0x00000000d5d80000, 0x0000000100000000)
  eden space 5632K, 0% used [0x00000000d5580000,0x00000000d5580000,0x00000000d5b00000)
  from space 512K, 50% used [0x00000000d5d00000,0x00000000d5d40000,0x00000000d5d80000)
  to   space 512K, 0% used [0x00000000d5c80000,0x00000000d5c80000,0x00000000d5d00000)
 ParOldGen       total 601600K, used 601224K [0x0000000080000000, 0x00000000a4b80000, 0x00000000d5580000)
  object space 601600K, 99% used [0x0000000080000000,0x00000000a4b22280,0x00000000a4b80000)
 Metaspace       used 73187K, committed 74816K, reserved 1179648K
  class space    used 7803K, committed 8512K, reserved 1048576K
}
Event: 43.855 GC heap before
{Heap before GC invocations=1188 (full 3):
 PSYoungGen      total 6144K, used 5888K [0x00000000d5580000, 0x00000000d5d80000, 0x0000000100000000)
  eden space 5632K, 100% used [0x00000000d5580000,0x00000000d5b00000,0x00000000d5b00000)
  from space 512K, 50% used [0x00000000d5d00000,0x00000000d5d40000,0x00000000d5d80000)
  to   space 512K, 0% used [0x00000000d5c80000,0x00000000d5c80000,0x00000000d5d00000)
 ParOldGen       total 601600K, used 601224K [0x0000000080000000, 0x00000000a4b80000, 0x00000000d5580000)
  object space 601600K, 99% used [0x0000000080000000,0x00000000a4b22280,0x00000000a4b80000)
 Metaspace       used 73191K, committed 74816K, reserved 1179648K
  class space    used 7803K, committed 8512K, reserved 1048576K
}
Event: 43.858 GC heap after
{Heap after GC invocations=1188 (full 3):
 PSYoungGen      total 6144K, used 160K [0x00000000d5580000, 0x00000000d5d80000, 0x0000000100000000)
  eden space 5632K, 0% used [0x00000000d5580000,0x00000000d5580000,0x00000000d5b00000)
  from space 512K, 31% used [0x00000000d5c80000,0x00000000d5ca8000,0x00000000d5d00000)
  to   space 512K, 0% used [0x00000000d5d00000,0x00000000d5d00000,0x00000000d5d80000)
 ParOldGen       total 601600K, used 601264K [0x0000000080000000, 0x00000000a4b80000, 0x00000000d5580000)
  object space 601600K, 99% used [0x0000000080000000,0x00000000a4b2c280,0x00000000a4b80000)
 Metaspace       used 73191K, committed 74816K, reserved 1179648K
  class space    used 7803K, committed 8512K, reserved 1048576K
}
Event: 43.904 GC heap before
{Heap before GC invocations=1189 (full 3):
 PSYoungGen      total 6144K, used 5792K [0x00000000d5580000, 0x00000000d5d80000, 0x0000000100000000)
  eden space 5632K, 100% used [0x00000000d5580000,0x00000000d5b00000,0x00000000d5b00000)
  from space 512K, 31% used [0x00000000d5c80000,0x00000000d5ca8000,0x00000000d5d00000)
  to   space 512K, 0% used [0x00000000d5d00000,0x00000000d5d00000,0x00000000d5d80000)
 ParOldGen       total 601600K, used 601264K [0x0000000080000000, 0x00000000a4b80000, 0x00000000d5580000)
  object space 601600K, 99% used [0x0000000080000000,0x00000000a4b2c280,0x00000000a4b80000)
 Metaspace       used 73197K, committed 74816K, reserved 1179648K
  class space    used 7803K, committed 8512K, reserved 1048576K
}
Event: 43.907 GC heap after
{Heap after GC invocations=1189 (full 3):
 PSYoungGen      total 6144K, used 192K [0x00000000d5580000, 0x00000000d5d80000, 0x0000000100000000)
  eden space 5632K, 0% used [0x00000000d5580000,0x00000000d5580000,0x00000000d5b00000)
  from space 512K, 37% used [0x00000000d5d00000,0x00000000d5d30000,0x00000000d5d80000)
  to   space 512K, 0% used [0x00000000d5c80000,0x00000000d5c80000,0x00000000d5d00000)
 ParOldGen       total 601600K, used 601320K [0x0000000080000000, 0x00000000a4b80000, 0x00000000d5580000)
  object space 601600K, 99% used [0x0000000080000000,0x00000000a4b3a280,0x00000000a4b80000)
 Metaspace       used 73197K, committed 74816K, reserved 1179648K
  class space    used 7803K, committed 8512K, reserved 1048576K
}
Event: 43.963 GC heap before
{Heap before GC invocations=1190 (full 3):
 PSYoungGen      total 6144K, used 5823K [0x00000000d5580000, 0x00000000d5d80000, 0x0000000100000000)
  eden space 5632K, 99% used [0x00000000d5580000,0x00000000d5affff8,0x00000000d5b00000)
  from space 512K, 37% used [0x00000000d5d00000,0x00000000d5d30000,0x00000000d5d80000)
  to   space 512K, 0% used [0x00000000d5c80000,0x00000000d5c80000,0x00000000d5d00000)
 ParOldGen       total 601600K, used 601320K [0x0000000080000000, 0x00000000a4b80000, 0x00000000d5580000)
  object space 601600K, 99% used [0x0000000080000000,0x00000000a4b3a280,0x00000000a4b80000)
 Metaspace       used 73205K, committed 74816K, reserved 1179648K
  class space    used 7803K, committed 8512K, reserved 1048576K
}
Event: 43.965 GC heap after
{Heap after GC invocations=1190 (full 3):
 PSYoungGen      total 6144K, used 288K [0x00000000d5580000, 0x00000000d5d80000, 0x0000000100000000)
  eden space 5632K, 0% used [0x00000000d5580000,0x00000000d5580000,0x00000000d5b00000)
  from space 512K, 56% used [0x00000000d5c80000,0x00000000d5cc8000,0x00000000d5d00000)
  to   space 512K, 0% used [0x00000000d5d00000,0x00000000d5d00000,0x00000000d5d80000)
 ParOldGen       total 601600K, used 601336K [0x0000000080000000, 0x00000000a4b80000, 0x00000000d5580000)
  object space 601600K, 99% used [0x0000000080000000,0x00000000a4b3e280,0x00000000a4b80000)
 Metaspace       used 73205K, committed 74816K, reserved 1179648K
  class space    used 7803K, committed 8512K, reserved 1048576K
}
Event: 43.997 GC heap before
{Heap before GC invocations=1191 (full 3):
 PSYoungGen      total 6144K, used 5709K [0x00000000d5580000, 0x00000000d5d80000, 0x0000000100000000)
  eden space 5632K, 96% used [0x00000000d5580000,0x00000000d5acb730,0x00000000d5b00000)
  from space 512K, 56% used [0x00000000d5c80000,0x00000000d5cc8000,0x00000000d5d00000)
  to   space 512K, 0% used [0x00000000d5d00000,0x00000000d5d00000,0x00000000d5d80000)
 ParOldGen       total 601600K, used 601336K [0x0000000080000000, 0x00000000a4b80000, 0x00000000d5580000)
  object space 601600K, 99% used [0x0000000080000000,0x00000000a4b3e280,0x00000000a4b80000)
 Metaspace       used 73224K, committed 74816K, reserved 1179648K
  class space    used 7803K, committed 8512K, reserved 1048576K
}
Event: 44.001 GC heap after
{Heap after GC invocations=1191 (full 3):
 PSYoungGen      total 5632K, used 499K [0x00000000d5580000, 0x00000000d6000000, 0x0000000100000000)
  eden space 5120K, 0% used [0x00000000d5580000,0x00000000d5580000,0x00000000d5a80000)
  from space 512K, 97% used [0x00000000d5d00000,0x00000000d5d7cc70,0x00000000d5d80000)
  to   space 2560K, 0% used [0x00000000d5a80000,0x00000000d5a80000,0x00000000d5d00000)
 ParOldGen       total 603136K, used 603028K [0x0000000080000000, 0x00000000a4d00000, 0x00000000d5580000)
  object space 603136K, 99% used [0x0000000080000000,0x00000000a4ce53f0,0x00000000a4d00000)
 Metaspace       used 73224K, committed 74816K, reserved 1179648K
  class space    used 7803K, committed 8512K, reserved 1048576K
}
Event: 44.111 GC heap before
{Heap before GC invocations=1192 (full 3):
 PSYoungGen      total 5632K, used 5619K [0x00000000d5580000, 0x00000000d6000000, 0x0000000100000000)
  eden space 5120K, 100% used [0x00000000d5580000,0x00000000d5a80000,0x00000000d5a80000)
  from space 512K, 97% used [0x00000000d5d00000,0x00000000d5d7cc70,0x00000000d5d80000)
  to   space 2560K, 0% used [0x00000000d5a80000,0x00000000d5a80000,0x00000000d5d00000)
 ParOldGen       total 603136K, used 603028K [0x0000000080000000, 0x00000000a4d00000, 0x00000000d5580000)
  object space 603136K, 99% used [0x0000000080000000,0x00000000a4ce53f0,0x00000000a4d00000)
 Metaspace       used 73233K, committed 74880K, reserved 1179648K
  class space    used 7803K, committed 8512K, reserved 1048576K
}
Event: 44.113 GC heap after
{Heap after GC invocations=1192 (full 3):
 PSYoungGen      total 5632K, used 416K [0x00000000d5580000, 0x00000000d5d80000, 0x0000000100000000)
  eden space 5120K, 0% used [0x00000000d5580000,0x00000000d5580000,0x00000000d5a80000)
  from space 512K, 81% used [0x00000000d5a80000,0x00000000d5ae8000,0x00000000d5b00000)
  to   space 1536K, 0% used [0x00000000d5c00000,0x00000000d5c00000,0x00000000d5d80000)
 ParOldGen       total 603136K, used 603124K [0x0000000080000000, 0x00000000a4d00000, 0x00000000d5580000)
  object space 603136K, 99% used [0x0000000080000000,0x00000000a4cfd3f0,0x00000000a4d00000)
 Metaspace       used 73233K, committed 74880K, reserved 1179648K
  class space    used 7803K, committed 8512K, reserved 1048576K
}
Event: 44.150 GC heap before
{Heap before GC invocations=1193 (full 3):
 PSYoungGen      total 5632K, used 5536K [0x00000000d5580000, 0x00000000d5d80000, 0x0000000100000000)
  eden space 5120K, 100% used [0x00000000d5580000,0x00000000d5a80000,0x00000000d5a80000)
  from space 512K, 81% used [0x00000000d5a80000,0x00000000d5ae8000,0x00000000d5b00000)
  to   space 1536K, 0% used [0x00000000d5c00000,0x00000000d5c00000,0x00000000d5d80000)
 ParOldGen       total 603136K, used 603124K [0x0000000080000000, 0x00000000a4d00000, 0x00000000d5580000)
  object space 603136K, 99% used [0x0000000080000000,0x00000000a4cfd3f0,0x00000000a4d00000)
 Metaspace       used 73245K, committed 74880K, reserved 1179648K
  class space    used 7803K, committed 8512K, reserved 1048576K
}
Event: 44.152 GC heap after
{Heap after GC invocations=1193 (full 3):
 PSYoungGen      total 5632K, used 416K [0x00000000d5580000, 0x00000000d5c80000, 0x0000000100000000)
  eden space 5120K, 0% used [0x00000000d5580000,0x00000000d5580000,0x00000000d5a80000)
  from space 512K, 81% used [0x00000000d5c00000,0x00000000d5c68000,0x00000000d5c80000)
  to   space 1024K, 0% used [0x00000000d5a80000,0x00000000d5a80000,0x00000000d5b80000)
 ParOldGen       total 603648K, used 603196K [0x0000000080000000, 0x00000000a4d80000, 0x00000000d5580000)
  object space 603648K, 99% used [0x0000000080000000,0x00000000a4d0f3f0,0x00000000a4d80000)
 Metaspace       used 73245K, committed 74880K, reserved 1179648K
  class space    used 7803K, committed 8512K, reserved 1048576K
}
Event: 44.191 GC heap before
{Heap before GC invocations=1194 (full 3):
 PSYoungGen      total 5632K, used 5536K [0x00000000d5580000, 0x00000000d5c80000, 0x0000000100000000)
  eden space 5120K, 100% used [0x00000000d5580000,0x00000000d5a80000,0x00000000d5a80000)
  from space 512K, 81% used [0x00000000d5c00000,0x00000000d5c68000,0x00000000d5c80000)
  to   space 1024K, 0% used [0x00000000d5a80000,0x00000000d5a80000,0x00000000d5b80000)
 ParOldGen       total 603648K, used 603196K [0x0000000080000000, 0x00000000a4d80000, 0x00000000d5580000)
  object space 603648K, 99% used [0x0000000080000000,0x00000000a4d0f3f0,0x00000000a4d80000)
 Metaspace       used 73260K, committed 74880K, reserved 1179648K
  class space    used 7803K, committed 8512K, reserved 1048576K
}
Event: 44.194 GC heap after
{Heap after GC invocations=1194 (full 3):
 PSYoungGen      total 6144K, used 416K [0x00000000d5580000, 0x00000000d5c80000, 0x0000000100000000)
  eden space 5120K, 0% used [0x00000000d5580000,0x00000000d5580000,0x00000000d5a80000)
  from space 1024K, 40% used [0x00000000d5a80000,0x00000000d5ae8000,0x00000000d5b80000)
  to   space 512K, 0% used [0x00000000d5c00000,0x00000000d5c00000,0x00000000d5c80000)
 ParOldGen       total 603648K, used 603236K [0x0000000080000000, 0x00000000a4d80000, 0x00000000d5580000)
  object space 603648K, 99% used [0x0000000080000000,0x00000000a4d193f0,0x00000000a4d80000)
 Metaspace       used 73260K, committed 74880K, reserved 1179648K
  class space    used 7803K, committed 8512K, reserved 1048576K
}
Event: 322.791 GC heap before
{Heap before GC invocations=1195 (full 3):
 PSYoungGen      total 6144K, used 5536K [0x00000000d5580000, 0x00000000d5c80000, 0x0000000100000000)
  eden space 5120K, 100% used [0x00000000d5580000,0x00000000d5a80000,0x00000000d5a80000)
  from space 1024K, 40% used [0x00000000d5a80000,0x00000000d5ae8000,0x00000000d5b80000)
  to   space 512K, 0% used [0x00000000d5c00000,0x00000000d5c00000,0x00000000d5c80000)
 ParOldGen       total 603648K, used 603236K [0x0000000080000000, 0x00000000a4d80000, 0x00000000d5580000)
  object space 603648K, 99% used [0x0000000080000000,0x00000000a4d193f0,0x00000000a4d80000)
 Metaspace       used 73299K, committed 74880K, reserved 1179648K
  class space    used 7806K, committed 8512K, reserved 1048576K
}
Event: 322.797 GC heap after
{Heap after GC invocations=1195 (full 3):
 PSYoungGen      total 5632K, used 320K [0x00000000d5580000, 0x00000000d5c80000, 0x0000000100000000)
  eden space 5120K, 0% used [0x00000000d5580000,0x00000000d5580000,0x00000000d5a80000)
  from space 512K, 62% used [0x00000000d5c00000,0x00000000d5c50000,0x00000000d5c80000)
  to   space 512K, 0% used [0x00000000d5b80000,0x00000000d5b80000,0x00000000d5c00000)
 ParOldGen       total 603648K, used 603300K [0x0000000080000000, 0x00000000a4d80000, 0x00000000d5580000)
  object space 603648K, 99% used [0x0000000080000000,0x00000000a4d293f0,0x00000000a4d80000)
 Metaspace       used 73299K, committed 74880K, reserved 1179648K
  class space    used 7806K, committed 8512K, reserved 1048576K
}

Dll operation events (14 events):
Event: 0.007 Loaded shared library c:\Users\cuba3\.vscode\extensions\redhat.java-1.47.0-win32-x64\jre\21.0.8-win32-x86_64\bin\java.dll
Event: 0.061 Loaded shared library c:\Users\cuba3\.vscode\extensions\redhat.java-1.47.0-win32-x64\jre\21.0.8-win32-x86_64\bin\zip.dll
Event: 0.083 Loaded shared library C:\Users\cuba3\.vscode\extensions\redhat.java-1.47.0-win32-x64\jre\21.0.8-win32-x86_64\bin\instrument.dll
Event: 0.088 Loaded shared library C:\Users\cuba3\.vscode\extensions\redhat.java-1.47.0-win32-x64\jre\21.0.8-win32-x86_64\bin\net.dll
Event: 0.092 Loaded shared library C:\Users\cuba3\.vscode\extensions\redhat.java-1.47.0-win32-x64\jre\21.0.8-win32-x86_64\bin\nio.dll
Event: 0.096 Loaded shared library C:\Users\cuba3\.vscode\extensions\redhat.java-1.47.0-win32-x64\jre\21.0.8-win32-x86_64\bin\zip.dll
Event: 0.113 Loaded shared library C:\Users\cuba3\.vscode\extensions\redhat.java-1.47.0-win32-x64\jre\21.0.8-win32-x86_64\bin\jimage.dll
Event: 0.185 Loaded shared library c:\Users\cuba3\.vscode\extensions\redhat.java-1.47.0-win32-x64\jre\21.0.8-win32-x86_64\bin\verify.dll
Event: 1.831 Loaded shared library C:\Users\cuba3\AppData\Roaming\Code\User\globalStorage\redhat.java\1.47.0\config_win\org.eclipse.equinox.launcher\org.eclipse.equinox.launcher.win32.win32.x86_64_1.2.1400.v20250801-0854\eclipse_11916.dll
Event: 2.830 Loaded shared library C:\Users\cuba3\.vscode\extensions\redhat.java-1.47.0-win32-x64\jre\21.0.8-win32-x86_64\bin\management.dll
Event: 2.833 Loaded shared library C:\Users\cuba3\.vscode\extensions\redhat.java-1.47.0-win32-x64\jre\21.0.8-win32-x86_64\bin\management_ext.dll
Event: 4.267 Loaded shared library C:\Users\cuba3\AppData\Local\Temp\jna-95011362\jna12561921171130630390.dll
Event: 4.552 Loaded shared library C:\Users\cuba3\.vscode\extensions\redhat.java-1.47.0-win32-x64\jre\21.0.8-win32-x86_64\bin\sunmscapi.dll
Event: 4.651 Loaded shared library C:\Users\cuba3\.vscode\extensions\redhat.java-1.47.0-win32-x64\jre\21.0.8-win32-x86_64\bin\extnet.dll

Deoptimization events (20 events):
Event: 322.657 Thread 0x00000199c9ecda30 Uncommon trap: trap_request=0xffffffde fr.pc=0x00000199f5465830 relative=0x0000000000000310
Event: 322.657 Thread 0x00000199c9ecda30 Uncommon trap: reason=class_check action=maybe_recompile pc=0x00000199f5465830 method=java.io.DataOutputStream.writeByte(I)V @ 5 c2
Event: 322.657 Thread 0x00000199c9ecda30 DEOPT PACKING pc=0x00000199f5465830 sp=0x00000089611fec80
Event: 322.657 Thread 0x00000199c9ecda30 DEOPT UNPACKING pc=0x00000199f4453aa2 sp=0x00000089611fec38 mode 2
Event: 322.657 Thread 0x00000199c9ecda30 Uncommon trap: trap_request=0xffffffde fr.pc=0x00000199f5465830 relative=0x0000000000000310
Event: 322.657 Thread 0x00000199c9ecda30 Uncommon trap: reason=class_check action=maybe_recompile pc=0x00000199f5465830 method=java.io.DataOutputStream.writeByte(I)V @ 5 c2
Event: 322.657 Thread 0x00000199c9ecda30 DEOPT PACKING pc=0x00000199f5465830 sp=0x00000089611fec80
Event: 322.657 Thread 0x00000199c9ecda30 DEOPT UNPACKING pc=0x00000199f4453aa2 sp=0x00000089611fec38 mode 2
Event: 322.657 Thread 0x00000199c9ecda30 Uncommon trap: trap_request=0xffffffde fr.pc=0x00000199f5465830 relative=0x0000000000000310
Event: 322.657 Thread 0x00000199c9ecda30 Uncommon trap: reason=class_check action=maybe_recompile pc=0x00000199f5465830 method=java.io.DataOutputStream.writeByte(I)V @ 5 c2
Event: 322.657 Thread 0x00000199c9ecda30 DEOPT PACKING pc=0x00000199f5465830 sp=0x00000089611fec80
Event: 322.657 Thread 0x00000199c9ecda30 DEOPT UNPACKING pc=0x00000199f4453aa2 sp=0x00000089611fec38 mode 2
Event: 322.657 Thread 0x00000199c9ecda30 Uncommon trap: trap_request=0xffffffc6 fr.pc=0x00000199f5461d80 relative=0x00000000000008e0
Event: 322.657 Thread 0x00000199c9ecda30 Uncommon trap: reason=bimorphic_or_optimized_type_check action=maybe_recompile pc=0x00000199f5461d80 method=java.io.DataOutputStream.writeInt(I)V @ 19 c2
Event: 322.657 Thread 0x00000199c9ecda30 DEOPT PACKING pc=0x00000199f5461d80 sp=0x00000089611feb10
Event: 322.657 Thread 0x00000199c9ecda30 DEOPT UNPACKING pc=0x00000199f4453aa2 sp=0x00000089611feae8 mode 2
Event: 322.657 Thread 0x00000199c9ecda30 Uncommon trap: trap_request=0xffffffc6 fr.pc=0x00000199f5461d80 relative=0x00000000000008e0
Event: 322.657 Thread 0x00000199c9ecda30 Uncommon trap: reason=bimorphic_or_optimized_type_check action=maybe_recompile pc=0x00000199f5461d80 method=java.io.DataOutputStream.writeInt(I)V @ 19 c2
Event: 322.657 Thread 0x00000199c9ecda30 DEOPT PACKING pc=0x00000199f5461d80 sp=0x00000089611feaa0
Event: 322.657 Thread 0x00000199c9ecda30 DEOPT UNPACKING pc=0x00000199f4453aa2 sp=0x00000089611fea78 mode 2

Classes loaded (20 events):
Event: 26.055 Loading class com/sun/org/apache/xerces/internal/util/URI
Event: 26.057 Loading class com/sun/org/apache/xerces/internal/util/URI done
Event: 26.063 Loading class com/sun/org/apache/xerces/internal/xni/XNIException
Event: 26.063 Loading class com/sun/org/apache/xerces/internal/xni/XNIException done
Event: 26.067 Loading class com/sun/org/apache/xerces/internal/xni/parser/XMLParseException
Event: 26.068 Loading class com/sun/org/apache/xerces/internal/xni/parser/XMLParseException done
Event: 34.733 Loading class java/util/concurrent/CompletableFuture$UniApply
Event: 34.733 Loading class java/util/concurrent/CompletableFuture$UniApply done
Event: 34.734 Loading class java/util/concurrent/CompletableFuture$UniExceptionally
Event: 34.734 Loading class java/util/concurrent/CompletableFuture$UniExceptionally done
Event: 42.968 Loading class java/util/stream/ReferencePipeline$4
Event: 42.969 Loading class java/util/stream/ReferencePipeline$4 done
Event: 42.969 Loading class java/util/stream/Nodes$IntFixedNodeBuilder
Event: 42.970 Loading class java/util/stream/Node$Builder$OfInt
Event: 42.970 Loading class java/util/stream/Node$Builder$OfInt done
Event: 42.970 Loading class java/util/stream/Nodes$IntArrayNode
Event: 42.971 Loading class java/util/stream/Nodes$IntArrayNode done
Event: 42.971 Loading class java/util/stream/Nodes$IntFixedNodeBuilder done
Event: 42.971 Loading class java/util/stream/ReferencePipeline$4$1
Event: 42.971 Loading class java/util/stream/ReferencePipeline$4$1 done

Classes unloaded (20 events):
Event: 3.534 Thread 0x00000199e9c74960 Unloading class 0x00000199851ac400 'java/lang/invoke/LambdaForm$BMH+0x00000199851ac400'
Event: 3.534 Thread 0x00000199e9c74960 Unloading class 0x00000199851ac000 'java/lang/invoke/LambdaForm$DMH+0x00000199851ac000'
Event: 3.534 Thread 0x00000199e9c74960 Unloading class 0x00000199851aac00 'java/lang/invoke/LambdaForm$DMH+0x00000199851aac00'
Event: 4.607 Thread 0x00000199e9c74960 Unloading class 0x0000019985397800 'java/lang/invoke/LambdaForm$MH+0x0000019985397800'
Event: 4.607 Thread 0x00000199e9c74960 Unloading class 0x0000019985397000 'java/lang/invoke/LambdaForm$MH+0x0000019985397000'
Event: 4.607 Thread 0x00000199e9c74960 Unloading class 0x0000019985396800 'java/lang/invoke/LambdaForm$MH+0x0000019985396800'
Event: 4.607 Thread 0x00000199e9c74960 Unloading class 0x0000019985396000 'java/lang/invoke/LambdaForm$MH+0x0000019985396000'
Event: 4.607 Thread 0x00000199e9c74960 Unloading class 0x0000019985395800 'java/lang/invoke/LambdaForm$DMH+0x0000019985395800'
Event: 4.607 Thread 0x00000199e9c74960 Unloading class 0x0000019985395000 'java/lang/invoke/LambdaForm$MH+0x0000019985395000'
Event: 4.607 Thread 0x00000199e9c74960 Unloading class 0x0000019985391800 'java/lang/invoke/LambdaForm$MH+0x0000019985391800'
Event: 4.607 Thread 0x00000199e9c74960 Unloading class 0x0000019985391000 'java/lang/invoke/LambdaForm$MH+0x0000019985391000'
Event: 4.607 Thread 0x00000199e9c74960 Unloading class 0x0000019985390c00 'java/lang/invoke/LambdaForm$MH+0x0000019985390c00'
Event: 4.607 Thread 0x00000199e9c74960 Unloading class 0x0000019985390000 'java/lang/invoke/LambdaForm$MH+0x0000019985390000'
Event: 4.607 Thread 0x00000199e9c74960 Unloading class 0x000001998538d800 'java/lang/invoke/LambdaForm$MH+0x000001998538d800'
Event: 4.607 Thread 0x00000199e9c74960 Unloading class 0x000001998538d000 'java/lang/invoke/LambdaForm$MH+0x000001998538d000'
Event: 4.607 Thread 0x00000199e9c74960 Unloading class 0x000001998538c800 'java/lang/invoke/LambdaForm$MH+0x000001998538c800'
Event: 18.531 Thread 0x00000199e9c74960 Unloading class 0x000001998563d000 'java/lang/invoke/LambdaForm$DMH+0x000001998563d000'
Event: 18.531 Thread 0x00000199e9c74960 Unloading class 0x000001998563cc00 'java/lang/invoke/LambdaForm$DMH+0x000001998563cc00'
Event: 18.531 Thread 0x00000199e9c74960 Unloading class 0x000001998563c400 'java/lang/invoke/LambdaForm$DMH+0x000001998563c400'
Event: 18.531 Thread 0x00000199e9c74960 Unloading class 0x000001998563c800 'java/lang/invoke/LambdaForm$DMH+0x000001998563c800'

Classes redefined (0 events):
No events

Internal exceptions (20 events):
Event: 42.987 Thread 0x00000199caeab880 Exception <a 'sun/nio/fs/WindowsException'{0x00000000d55fdba8}> (0x00000000d55fdba8) 
thrown [s\src\hotspot\share\prims\jni.cpp, line 520]
Event: 42.987 Thread 0x00000199caeab880 Exception <a 'sun/nio/fs/WindowsException'{0x00000000d55fe418}> (0x00000000d55fe418) 
thrown [s\src\hotspot\share\prims\jni.cpp, line 520]
Event: 43.090 Thread 0x00000199caeab880 Exception <a 'sun/nio/fs/WindowsException'{0x00000000d59f12d8}> (0x00000000d59f12d8) 
thrown [s\src\hotspot\share\prims\jni.cpp, line 520]
Event: 43.090 Thread 0x00000199caeab880 Exception <a 'sun/nio/fs/WindowsException'{0x00000000d59f1b48}> (0x00000000d59f1b48) 
thrown [s\src\hotspot\share\prims\jni.cpp, line 520]
Event: 43.135 Thread 0x00000199caeab880 Exception <a 'sun/nio/fs/WindowsException'{0x00000000d5a8a4c8}> (0x00000000d5a8a4c8) 
thrown [s\src\hotspot\share\prims\jni.cpp, line 520]
Event: 43.135 Thread 0x00000199caeab880 Exception <a 'sun/nio/fs/WindowsException'{0x00000000d5a8ad38}> (0x00000000d5a8ad38) 
thrown [s\src\hotspot\share\prims\jni.cpp, line 520]
Event: 43.207 Thread 0x00000199caeab880 Exception <a 'sun/nio/fs/WindowsException'{0x00000000d55f23f8}> (0x00000000d55f23f8) 
thrown [s\src\hotspot\share\prims\jni.cpp, line 520]
Event: 43.208 Thread 0x00000199caeab880 Exception <a 'sun/nio/fs/WindowsException'{0x00000000d55f2c68}> (0x00000000d55f2c68) 
thrown [s\src\hotspot\share\prims\jni.cpp, line 520]
Event: 43.256 Thread 0x00000199caeab880 Exception <a 'sun/nio/fs/WindowsException'{0x00000000d59c8190}> (0x00000000d59c8190) 
thrown [s\src\hotspot\share\prims\jni.cpp, line 520]
Event: 43.256 Thread 0x00000199caeab880 Exception <a 'sun/nio/fs/WindowsException'{0x00000000d59c8a00}> (0x00000000d59c8a00) 
thrown [s\src\hotspot\share\prims\jni.cpp, line 520]
Event: 43.481 Thread 0x00000199caeab880 Exception <a 'sun/nio/fs/WindowsException'{0x00000000d5955968}> (0x00000000d5955968) 
thrown [s\src\hotspot\share\prims\jni.cpp, line 520]
Event: 43.481 Thread 0x00000199caeab880 Exception <a 'sun/nio/fs/WindowsException'{0x00000000d59561d8}> (0x00000000d59561d8) 
thrown [s\src\hotspot\share\prims\jni.cpp, line 520]
Event: 44.019 Thread 0x00000199caeab880 Exception <a 'sun/nio/fs/WindowsException'{0x00000000d55dce98}> (0x00000000d55dce98) 
thrown [s\src\hotspot\share\prims\jni.cpp, line 520]
Event: 44.019 Thread 0x00000199caeab880 Exception <a 'sun/nio/fs/WindowsException'{0x00000000d55dd708}> (0x00000000d55dd708) 
thrown [s\src\hotspot\share\prims\jni.cpp, line 520]
Event: 44.156 Thread 0x00000199caeab880 Exception <a 'sun/nio/fs/WindowsException'{0x00000000d56683e8}> (0x00000000d56683e8) 
thrown [s\src\hotspot\share\prims\jni.cpp, line 520]
Event: 44.156 Thread 0x00000199caeab880 Exception <a 'sun/nio/fs/WindowsException'{0x00000000d5668c58}> (0x00000000d5668c58) 
thrown [s\src\hotspot\share\prims\jni.cpp, line 520]
Event: 44.215 Thread 0x00000199caeab880 Exception <a 'sun/nio/fs/WindowsException'{0x00000000d595c2c0}> (0x00000000d595c2c0) 
thrown [s\src\hotspot\share\prims\jni.cpp, line 520]
Event: 44.215 Thread 0x00000199caeab880 Exception <a 'sun/nio/fs/WindowsException'{0x00000000d595cb30}> (0x00000000d595cb30) 
thrown [s\src\hotspot\share\prims\jni.cpp, line 520]
Event: 322.651 Thread 0x00000199c9ecda30 Exception <a 'sun/nio/fs/WindowsException'{0x00000000d5a16330}> (0x00000000d5a16330) 
thrown [s\src\hotspot\share\prims\jni.cpp, line 520]
Event: 322.651 Thread 0x00000199c9ecda30 Exception <a 'sun/nio/fs/WindowsException'{0x00000000d5a16e00}> (0x00000000d5a16e00) 
thrown [s\src\hotspot\share\prims\jni.cpp, line 520]

ZGC Phase Switch (0 events):
No events

VM Operations (20 events):
Event: 7404.030 Executing VM operation: HandshakeAllThreads (HandshakeForDeflation)
Event: 7404.030 Executing VM operation: HandshakeAllThreads (HandshakeForDeflation) done
Event: 7404.030 Executing VM operation: RendezvousGCThreads
Event: 7404.030 Executing VM operation: RendezvousGCThreads done
Event: 7464.287 Executing VM operation: HandshakeAllThreads (HandshakeForDeflation)
Event: 7464.287 Executing VM operation: HandshakeAllThreads (HandshakeForDeflation) done
Event: 7464.287 Executing VM operation: RendezvousGCThreads
Event: 7464.287 Executing VM operation: RendezvousGCThreads done
Event: 7524.293 Executing VM operation: HandshakeAllThreads (HandshakeForDeflation)
Event: 7524.293 Executing VM operation: HandshakeAllThreads (HandshakeForDeflation) done
Event: 7524.293 Executing VM operation: RendezvousGCThreads
Event: 7524.293 Executing VM operation: RendezvousGCThreads done
Event: 7584.425 Executing VM operation: HandshakeAllThreads (HandshakeForDeflation)
Event: 7584.425 Executing VM operation: HandshakeAllThreads (HandshakeForDeflation) done
Event: 7584.425 Executing VM operation: RendezvousGCThreads
Event: 7584.425 Executing VM operation: RendezvousGCThreads done
Event: 7704.601 Executing VM operation: HandshakeAllThreads (HandshakeForDeflation)
Event: 7704.602 Executing VM operation: HandshakeAllThreads (HandshakeForDeflation) done
Event: 7704.602 Executing VM operation: RendezvousGCThreads
Event: 7704.602 Executing VM operation: RendezvousGCThreads done

Memory protections (0 events):
No events

Nmethod flushes (20 events):
Event: 18.546 Thread 0x00000199e9c74960 flushing  nmethod 0x00000199ed5ea690
Event: 18.546 Thread 0x00000199e9c74960 flushing  nmethod 0x00000199ed5f8f90
Event: 18.546 Thread 0x00000199e9c74960 flushing  nmethod 0x00000199ed652210
Event: 18.546 Thread 0x00000199e9c74960 flushing  nmethod 0x00000199ed652b90
Event: 18.546 Thread 0x00000199e9c74960 flushing  nmethod 0x00000199ed655e90
Event: 18.546 Thread 0x00000199e9c74960 flushing  nmethod 0x00000199ed65d910
Event: 18.546 Thread 0x00000199e9c74960 flushing  nmethod 0x00000199ed68fc90
Event: 18.546 Thread 0x00000199e9c74960 flushing  nmethod 0x00000199ed699510
Event: 18.546 Thread 0x00000199e9c74960 flushing  nmethod 0x00000199ed699c10
Event: 18.546 Thread 0x00000199e9c74960 flushing  nmethod 0x00000199ed69e890
Event: 18.546 Thread 0x00000199e9c74960 flushing  nmethod 0x00000199ed69f010
Event: 18.546 Thread 0x00000199e9c74960 flushing  nmethod 0x00000199ed69f490
Event: 18.546 Thread 0x00000199e9c74960 flushing  nmethod 0x00000199ed69fa10
Event: 18.546 Thread 0x00000199e9c74960 flushing  nmethod 0x00000199ed6a1a90
Event: 18.546 Thread 0x00000199e9c74960 flushing  nmethod 0x00000199ed6b9a10
Event: 18.546 Thread 0x00000199e9c74960 flushing  nmethod 0x00000199ed6cb810
Event: 18.546 Thread 0x00000199e9c74960 flushing  nmethod 0x00000199ed6dbd10
Event: 18.546 Thread 0x00000199e9c74960 flushing  nmethod 0x00000199ed6f0b10
Event: 18.546 Thread 0x00000199e9c74960 flushing  nmethod 0x00000199ed737e90
Event: 18.546 Thread 0x00000199e9c74960 flushing  nmethod 0x00000199ed738210

Events (20 events):
Event: 322.648 Thread 0x00000199c9ecda30 Thread added: 0x00000199cb549420
Event: 322.648 Thread 0x00000199cb549420 Thread exited: 0x00000199cb549420
Event: 322.651 Thread 0x00000199c9ecda30 Thread added: 0x00000199cb548070
Event: 322.652 Thread 0x00000199cb548070 Thread exited: 0x00000199cb548070
Event: 322.655 Thread 0x00000199e9d941e0 Thread added: 0x00000199cb79ad50
Event: 322.655 Thread 0x00000199e9d941e0 Thread added: 0x00000199cb79c1c0
Event: 326.521 Thread 0x00000199ff115590 Thread exited: 0x00000199ff115590
Event: 326.536 Thread 0x00000199caea7d70 Thread exited: 0x00000199caea7d70
Event: 326.598 Thread 0x00000199caeaab60 Thread exited: 0x00000199caeaab60
Event: 326.598 Thread 0x00000199cb79c1c0 Thread exited: 0x00000199cb79c1c0
Event: 326.598 Thread 0x00000199caeab1f0 Thread exited: 0x00000199caeab1f0
Event: 326.692 Thread 0x00000199caea8400 Thread exited: 0x00000199caea8400
Event: 331.605 Thread 0x00000199cb79ad50 Thread exited: 0x00000199cb79ad50
Event: 344.263 Thread 0x00000199caeabf10 Thread exited: 0x00000199caeabf10
Event: 404.274 Thread 0x00000199caea8a90 Thread exited: 0x00000199caea8a90
Event: 464.283 Thread 0x00000199caead2c0 Thread exited: 0x00000199caead2c0
Event: 524.286 Thread 0x00000199caeaf390 Thread exited: 0x00000199caeaf390
Event: 584.300 Thread 0x00000199caea9120 Thread exited: 0x00000199caea9120
Event: 644.315 Thread 0x00000199caeac5a0 Thread exited: 0x00000199caeac5a0
Event: 704.323 Thread 0x00000199caea9e40 Thread exited: 0x00000199caea9e40


Dynamic libraries:
0x00007ff77e3d0000 - 0x00007ff77e3de000 	c:\Users\cuba3\.vscode\extensions\redhat.java-1.47.0-win32-x64\jre\21.0.8-win32-x86_64\bin\java.exe
0x00007ffc8bb40000 - 0x00007ffc8bda8000 	C:\WINDOWS\SYSTEM32\ntdll.dll
0x00007ffc8a4a0000 - 0x00007ffc8a569000 	C:\WINDOWS\System32\KERNEL32.DLL
0x00007ffc88cd0000 - 0x00007ffc890c2000 	C:\WINDOWS\System32\KERNELBASE.dll
0x00007ffc897c0000 - 0x00007ffc8990b000 	C:\WINDOWS\System32\ucrtbase.dll
0x00007ffc79fc0000 - 0x00007ffc79fde000 	c:\Users\cuba3\.vscode\extensions\redhat.java-1.47.0-win32-x64\jre\21.0.8-win32-x86_64\bin\VCRUNTIME140.dll
0x00007ffc85500000 - 0x00007ffc85518000 	c:\Users\cuba3\.vscode\extensions\redhat.java-1.47.0-win32-x64\jre\21.0.8-win32-x86_64\bin\jli.dll
0x00007ffc89970000 - 0x00007ffc89b35000 	C:\WINDOWS\System32\USER32.dll
0x00007ffc72600000 - 0x00007ffc72893000 	C:\WINDOWS\WinSxS\amd64_microsoft.windows.common-controls_6595b64144ccf1df_6.0.26100.6899_none_3e0efeeae32e88c1\COMCTL32.dll
0x00007ffc89170000 - 0x00007ffc89197000 	C:\WINDOWS\System32\win32u.dll
0x00007ffc8af90000 - 0x00007ffc8b039000 	C:\WINDOWS\System32\msvcrt.dll
0x00007ffc8b1d0000 - 0x00007ffc8b1fb000 	C:\WINDOWS\System32\GDI32.dll
0x00007ffc89450000 - 0x00007ffc8957d000 	C:\WINDOWS\System32\gdi32full.dll
0x00007ffc893a0000 - 0x00007ffc89443000 	C:\WINDOWS\System32\msvcp_win.dll
0x00007ffc89b80000 - 0x00007ffc89baf000 	C:\WINDOWS\System32\IMM32.DLL
0x00007ffc79fb0000 - 0x00007ffc79fbc000 	c:\Users\cuba3\.vscode\extensions\redhat.java-1.47.0-win32-x64\jre\21.0.8-win32-x86_64\bin\vcruntime140_1.dll
0x00007ffc79dc0000 - 0x00007ffc79e4d000 	c:\Users\cuba3\.vscode\extensions\redhat.java-1.47.0-win32-x64\jre\21.0.8-win32-x86_64\bin\msvcp140.dll
0x00007ffbf0620000 - 0x00007ffbf13b7000 	c:\Users\cuba3\.vscode\extensions\redhat.java-1.47.0-win32-x64\jre\21.0.8-win32-x86_64\bin\server\jvm.dll
0x00007ffc8ba10000 - 0x00007ffc8bac4000 	C:\WINDOWS\System32\ADVAPI32.dll
0x00007ffc8a6d0000 - 0x00007ffc8a776000 	C:\WINDOWS\System32\sechost.dll
0x00007ffc89c30000 - 0x00007ffc89d48000 	C:\WINDOWS\System32\RPCRT4.dll
0x00007ffc8b140000 - 0x00007ffc8b1b4000 	C:\WINDOWS\System32\WS2_32.dll
0x00007ffc88b30000 - 0x00007ffc88b8e000 	C:\WINDOWS\SYSTEM32\POWRPROF.dll
0x00007ffc77350000 - 0x00007ffc77385000 	C:\WINDOWS\SYSTEM32\WINMM.dll
0x00007ffc823a0000 - 0x00007ffc823ab000 	C:\WINDOWS\SYSTEM32\VERSION.dll
0x00007ffc88b10000 - 0x00007ffc88b24000 	C:\WINDOWS\SYSTEM32\UMPDC.dll
0x00007ffc87a70000 - 0x00007ffc87a8b000 	C:\WINDOWS\SYSTEM32\kernel.appcore.dll
0x00007ffc79db0000 - 0x00007ffc79dba000 	c:\Users\cuba3\.vscode\extensions\redhat.java-1.47.0-win32-x64\jre\21.0.8-win32-x86_64\bin\jimage.dll
0x00007ffc76020000 - 0x00007ffc76262000 	C:\WINDOWS\SYSTEM32\DBGHELP.DLL
0x00007ffc8b690000 - 0x00007ffc8ba0b000 	C:\WINDOWS\System32\combase.dll
0x00007ffc8a570000 - 0x00007ffc8a647000 	C:\WINDOWS\System32\OLEAUT32.dll
0x00007ffc728a0000 - 0x00007ffc728dc000 	C:\WINDOWS\SYSTEM32\dbgcore.DLL
0x00007ffc890d0000 - 0x00007ffc89168000 	C:\WINDOWS\System32\bcryptPrimitives.dll
0x00007ffc79da0000 - 0x00007ffc79daf000 	c:\Users\cuba3\.vscode\extensions\redhat.java-1.47.0-win32-x64\jre\21.0.8-win32-x86_64\bin\instrument.dll
0x00007ffc79d80000 - 0x00007ffc79d9f000 	c:\Users\cuba3\.vscode\extensions\redhat.java-1.47.0-win32-x64\jre\21.0.8-win32-x86_64\bin\java.dll
0x00007ffc8a840000 - 0x00007ffc8af8d000 	C:\WINDOWS\System32\SHELL32.dll
0x00007ffc891a0000 - 0x00007ffc8930b000 	C:\WINDOWS\System32\wintypes.dll
0x00007ffc86900000 - 0x00007ffc8715d000 	C:\WINDOWS\SYSTEM32\windows.storage.dll
0x00007ffc8b040000 - 0x00007ffc8b132000 	C:\WINDOWS\System32\SHCORE.dll
0x00007ffc89bc0000 - 0x00007ffc89c22000 	C:\WINDOWS\System32\shlwapi.dll
0x00007ffc88bf0000 - 0x00007ffc88c19000 	C:\WINDOWS\SYSTEM32\profapi.dll
0x00007ffc79c10000 - 0x00007ffc79c28000 	c:\Users\cuba3\.vscode\extensions\redhat.java-1.47.0-win32-x64\jre\21.0.8-win32-x86_64\bin\zip.dll
0x00007ffc79c00000 - 0x00007ffc79c10000 	C:\Users\cuba3\.vscode\extensions\redhat.java-1.47.0-win32-x64\jre\21.0.8-win32-x86_64\bin\net.dll
0x00007ffc82a40000 - 0x00007ffc82b5f000 	C:\WINDOWS\SYSTEM32\WINHTTP.dll
0x00007ffc87ff0000 - 0x00007ffc8805b000 	C:\WINDOWS\system32\mswsock.dll
0x00007ffc79b40000 - 0x00007ffc79b56000 	C:\Users\cuba3\.vscode\extensions\redhat.java-1.47.0-win32-x64\jre\21.0.8-win32-x86_64\bin\nio.dll
0x00007ffc79b30000 - 0x00007ffc79b40000 	c:\Users\cuba3\.vscode\extensions\redhat.java-1.47.0-win32-x64\jre\21.0.8-win32-x86_64\bin\verify.dll
0x00007ffc6f810000 - 0x00007ffc6f854000 	C:\Users\cuba3\AppData\Roaming\Code\User\globalStorage\redhat.java\1.47.0\config_win\org.eclipse.equinox.launcher\org.eclipse.equinox.launcher.win32.win32.x86_64_1.2.1400.v20250801-0854\eclipse_11916.dll
0x00007ffc89eb0000 - 0x00007ffc8a048000 	C:\WINDOWS\System32\ole32.dll
0x00007ffc79b20000 - 0x00007ffc79b2a000 	C:\Users\cuba3\.vscode\extensions\redhat.java-1.47.0-win32-x64\jre\21.0.8-win32-x86_64\bin\management.dll
0x00007ffc79ae0000 - 0x00007ffc79aeb000 	C:\Users\cuba3\.vscode\extensions\redhat.java-1.47.0-win32-x64\jre\21.0.8-win32-x86_64\bin\management_ext.dll
0x00007ffc89b70000 - 0x00007ffc89b78000 	C:\WINDOWS\System32\PSAPI.DLL
0x00007ffc882c0000 - 0x00007ffc882db000 	C:\WINDOWS\SYSTEM32\CRYPTSP.dll
0x00007ffc879d0000 - 0x00007ffc87a0b000 	C:\WINDOWS\system32\rsaenh.dll
0x00007ffc880b0000 - 0x00007ffc880db000 	C:\WINDOWS\SYSTEM32\USERENV.dll
0x00007ffc88bc0000 - 0x00007ffc88be6000 	C:\WINDOWS\SYSTEM32\bcrypt.dll
0x00007ffc882e0000 - 0x00007ffc882ec000 	C:\WINDOWS\SYSTEM32\CRYPTBASE.dll
0x00007ffc87460000 - 0x00007ffc87494000 	C:\WINDOWS\SYSTEM32\IPHLPAPI.DLL
0x00007ffc8a490000 - 0x00007ffc8a49a000 	C:\WINDOWS\System32\NSI.dll
0x00007ffc5fa60000 - 0x00007ffc5faa9000 	C:\Users\cuba3\AppData\Local\Temp\jna-95011362\jna12561921171130630390.dll
0x00007ffc829b0000 - 0x00007ffc829ce000 	C:\WINDOWS\SYSTEM32\dhcpcsvc6.DLL
0x00007ffc82980000 - 0x00007ffc829a3000 	C:\WINDOWS\SYSTEM32\dhcpcsvc.DLL
0x00007ffc79960000 - 0x00007ffc7996e000 	C:\Users\cuba3\.vscode\extensions\redhat.java-1.47.0-win32-x64\jre\21.0.8-win32-x86_64\bin\sunmscapi.dll
0x00007ffc89580000 - 0x00007ffc896f7000 	C:\WINDOWS\System32\CRYPT32.dll
0x00007ffc884e0000 - 0x00007ffc88510000 	C:\WINDOWS\SYSTEM32\ncrypt.dll
0x00007ffc88490000 - 0x00007ffc884cf000 	C:\WINDOWS\SYSTEM32\NTASN1.dll
0x00007ffc874f0000 - 0x00007ffc87616000 	C:\WINDOWS\SYSTEM32\DNSAPI.dll
0x00007ffc80e60000 - 0x00007ffc80e6b000 	C:\Windows\System32\rasadhlp.dll
0x00007ffc820d0000 - 0x00007ffc82156000 	C:\WINDOWS\System32\fwpuclnt.dll
0x00007ffc79950000 - 0x00007ffc79959000 	C:\Users\cuba3\.vscode\extensions\redhat.java-1.47.0-win32-x64\jre\21.0.8-win32-x86_64\bin\extnet.dll

JVMTI agents:
c:\Users\cuba3\.vscode\extensions\redhat.java-1.47.0-win32-x64\lombok\lombok-1.18.39-4050.jar path:c:\Users\cuba3\.vscode\extensions\redhat.java-1.47.0-win32-x64\jre\21.0.8-win32-x86_64\bin\instrument.dll, loaded, initialized, instrumentlib options:none

dbghelp: loaded successfully - version: 4.0.5 - missing functions: none
symbol engine: initialized successfully - sym options: 0x614 - pdb path: .;c:\Users\cuba3\.vscode\extensions\redhat.java-1.47.0-win32-x64\jre\21.0.8-win32-x86_64\bin;C:\WINDOWS\SYSTEM32;C:\WINDOWS\WinSxS\amd64_microsoft.windows.common-controls_6595b64144ccf1df_6.0.26100.6899_none_3e0efeeae32e88c1;c:\Users\cuba3\.vscode\extensions\redhat.java-1.47.0-win32-x64\jre\21.0.8-win32-x86_64\bin\server;C:\Users\cuba3\AppData\Roaming\Code\User\globalStorage\redhat.java\1.47.0\config_win\org.eclipse.equinox.launcher\org.eclipse.equinox.launcher.win32.win32.x86_64_1.2.1400.v20250801-0854;C:\Users\cuba3\AppData\Local\Temp\jna-95011362

VM Arguments:
jvm_args: --add-modules=ALL-SYSTEM --add-opens=java.base/java.util=ALL-UNNAMED --add-opens=java.base/java.lang=ALL-UNNAMED --add-opens=java.base/sun.nio.fs=ALL-UNNAMED -Declipse.application=org.eclipse.jdt.ls.core.id1 -Dosgi.bundles.defaultStartLevel=4 -Declipse.product=org.eclipse.jdt.ls.core.product -Djava.import.generatesMetadataFilesAtProjectRoot=false -DDetectVMInstallationsJob.disabled=true -Dfile.encoding=utf8 -XX:+UseParallelGC -XX:GCTimeRatio=4 -XX:AdaptiveSizePolicyWeight=90 -Dsun.zip.disableMemoryMapping=true -Xmx2G -Xms100m -Xlog:disable -javaagent:c:\Users\cuba3\.vscode\extensions\redhat.java-1.47.0-win32-x64\lombok\lombok-1.18.39-4050.jar -XX:+HeapDumpOnOutOfMemoryError -XX:HeapDumpPath=c:\Users\cuba3\AppData\Roaming\Code\User\workspaceStorage\5fe124b1f7290ef7a60509aa5c3e75d6\redhat.java -Daether.dependencyCollector.impl=bf 
java_command: c:\Users\cuba3\.vscode\extensions\redhat.java-1.47.0-win32-x64\server\plugins\org.eclipse.equinox.launcher_1.7.100.v20251014-1222.jar -configuration c:\Users\cuba3\AppData\Roaming\Code\User\globalStorage\redhat.java\1.47.0\config_win -data c:\Users\cuba3\AppData\Roaming\Code\User\workspaceStorage\5fe124b1f7290ef7a60509aa5c3e75d6\redhat.java\jdt_ws --pipe=\\.\pipe\lsp-7afb79735c61e2840121433924f45fda-sock
java_class_path (initial): c:\Users\cuba3\.vscode\extensions\redhat.java-1.47.0-win32-x64\server\plugins\org.eclipse.equinox.launcher_1.7.100.v20251014-1222.jar
Launcher Type: SUN_STANDARD

[Global flags]
    uintx AdaptiveSizePolicyWeight                 = 90                                        {product} {command line}
     intx CICompilerCount                          = 4                                         {product} {ergonomic}
    uintx GCTimeRatio                              = 4                                         {product} {command line}
     bool HeapDumpOnOutOfMemoryError               = true                                   {manageable} {command line}
    ccstr HeapDumpPath                             = c:\Users\cuba3\AppData\Roaming\Code\User\workspaceStorage\5fe124b1f7290ef7a60509aa5c3e75d6\redhat.java         {manageable} {command line}
   size_t InitialHeapSize                          = 104857600                                 {product} {command line}
   size_t MaxHeapSize                              = 2147483648                                {product} {command line}
   size_t MaxNewSize                               = 715653120                                 {product} {ergonomic}
   size_t MinHeapDeltaBytes                        = 524288                                    {product} {ergonomic}
   size_t MinHeapSize                              = 104857600                                 {product} {command line}
   size_t NewSize                                  = 34603008                                  {product} {ergonomic}
    uintx NonNMethodCodeHeapSize                   = 5839372                                {pd product} {ergonomic}
    uintx NonProfiledCodeHeapSize                  = 122909434                              {pd product} {ergonomic}
   size_t OldSize                                  = 70254592                                  {product} {ergonomic}
    uintx ProfiledCodeHeapSize                     = 122909434                              {pd product} {ergonomic}
    uintx ReservedCodeCacheSize                    = 251658240                              {pd product} {ergonomic}
     bool SegmentedCodeCache                       = true                                      {product} {ergonomic}
   size_t SoftMaxHeapSize                          = 2147483648                             {manageable} {ergonomic}
     bool UseCompressedOops                        = true                           {product lp64_product} {ergonomic}
     bool UseLargePagesIndividualAllocation        = false                                  {pd product} {ergonomic}
     bool UseParallelGC                            = true                                      {product} {command line}

Logging:
Log output configuration:
 #0: stdout all=off uptime,level,tags foldmultilines=false
 #1: stderr all=off uptime,level,tags foldmultilines=false

Environment Variables:
JAVA_HOME=D:\Java\jdkVersion\jdk-21
PATH=C:\Program Files\nodejs\;C:\ProgramData\chocolatey\bin;D:\Java\jdkVersion\jdk-21\bin;C:\Program Files (x86)\VMware\VMware Workstation\bin\;C:\Program Files\Microsoft MPI\Bin\;C:\Windows\system32;C:\Windows;C:\Windows\System32\Wbem;C:\Windows\System32\WindowsPowerShell\v1.0\;C:\Windows\System32\OpenSSH\;C:\Program Files\Git\cmd;C:\Program Files\Docker\Docker\resources\bin;C:\Program Files (x86)\Microsoft SQL Server\160\Tools\Binn\;C:\Program Files\Microsoft SQL Server\160\Tools\Binn\;C:\Program Files\Microsoft SQL Server\Client SDK\ODBC\170\Tools\Binn\;C:\Program Files\Microsoft SQL Server\160\DTS\Binn\;C:\Program Files (x86)\Microsoft SQL Server\160\DTS\Binn\;D:\Java\apache-maven-3.9.10\bin;C:\Program Files\MySQL\MySQL Server 8.0\bin;C:\Program Files\MySQL\MySQL Shell 8.0\bin\;C:\Users\cuba3\AppData\Local\Programs\Python\Python313\Scripts\;C:\Users\cuba3\AppData\Local\Programs\Python\Python313\;C:\;C:\Users\cuba3\AppData\Roaming\npm;C:\Users\cuba3\AppData\Local\Programs\Microsoft VS Code\bin;C:\Users\cuba3\AppData\Local\Microsoft\WindowsApps;C:\Program Files\PostgreSQL\17\bin;C:\Program Files\nodejs\;C:\Program Files\PostgreSQL\16\bin;
USERNAME=cuba3
OS=Windows_NT
PROCESSOR_IDENTIFIER=Intel64 Family 6 Model 165 Stepping 2, GenuineIntel
TMP=C:\Users\cuba3\AppData\Local\Temp
TEMP=C:\Users\cuba3\AppData\Local\Temp




Periodic native trim disabled

---------------  S Y S T E M  ---------------

OS:
 Windows 11 , 64 bit Build 26100 (10.0.26100.6725)
OS uptime: 1 days 2:46 hours
Hyper-V role detected

CPU: total 12 (initial active 12) (6 cores per cpu, 2 threads per core) family 6 model 165 stepping 2 microcode 0xe2, cx8, cmov, fxsr, ht, mmx, 3dnowpref, sse, sse2, sse3, ssse3, sse4.1, sse4.2, popcnt, lzcnt, tsc, tscinvbit, avx, avx2, aes, erms, clmul, bmi1, bmi2, adx, fma, vzeroupper, clflush, clflushopt, hv, rdtscp, f16c
Processor Information for the first 12 processors :
  Max Mhz: 2592, Current Mhz: 2592, Mhz Limit: 2592

Memory: 4k page, system-wide physical 16202M (2608M free)
TotalPageFile size 24394M (AvailPageFile size 11M)
current process WorkingSet (physical memory assigned to process): 177M, peak: 1050M
current process commit charge ("private bytes"): 903M, peak: 989M

vm_info: OpenJDK 64-Bit Server VM (21.0.8+9-LTS) for windows-amd64 JRE (21.0.8+9-LTS), built on 2025-07-15T00:00:00Z by "admin" with MS VC++ 17.7 (VS2022)

END.
