#
# There is insufficient memory for the Java Runtime Environment to continue.
# Native memory allocation (mmap) failed to map 4161536 bytes for G1 virtual space
# Possible reasons:
#   The system is out of physical RAM or swap space
#   The process is running with CompressedOops enabled, and the Java Heap may be blocking the growth of the native heap
# Possible solutions:
#   Reduce memory load on the system
#   Increase physical memory or swap space
#   Check if swap backing store is full
#   Decrease Java heap size (-Xmx/-Xms)
#   Decrease number of Java threads
#   Decrease Java thread stack sizes (-Xss)
#   Set larger code cache with -XX:ReservedCodeCacheSize=
#   JVM is running with Zero Based Compressed Oops mode in which the Java heap is
#     placed in the first 32GB address space. The Java Heap base address is the
#     maximum limit for the native heap growth. Please use -XX:HeapBaseMinAddress
#     to set the Java Heap base and to place the Java Heap above 32GB virtual address.
# This output file may be truncated or incomplete.
#
#  Out of Memory Error (os_windows.cpp:3603), pid=20616, tid=11252
#
# JRE version:  (21.0.6+8) (build )
# Java VM: Java HotSpot(TM) 64-Bit Server VM (21.0.6+8-LTS-188, mixed mode, sharing, tiered, compressed oops, compressed class ptrs, g1 gc, windows-amd64)
# No core dump will be written. Minidumps are not enabled by default on client versions of Windows
#

---------------  S U M M A R Y ------------

Command Line: -Dnet.bytebuddy.agent.attacher.dump= net.bytebuddy.agent.Attacher com.sun.tools.attach.VirtualMachine 20928 C:\Users\cuba3\.m2\repository\net\bytebuddy\byte-buddy-agent\1.17.6\byte-buddy-agent-1.17.6.jar false 

Host: Intel(R) Core(TM) i7-10750H CPU @ 2.60GHz, 12 cores, 15G,  Windows 11 , 64 bit Build 26100 (10.0.26100.6725)
Time: Sun Nov 16 09:35:35 2025 SE Asia Standard Time elapsed time: 2.802945 seconds (0d 0h 0m 2s)

---------------  T H R E A D  ---------------

Current thread (0x0000021434c01710):  JavaThread "Unknown thread" [_thread_in_vm, id=11252, stack(0x00000037aaa00000,0x00000037aab00000) (1024K)]

Stack: [0x00000037aaa00000,0x00000037aab00000]
Native frames: (J=compiled Java code, j=interpreted, Vv=VM code, C=native code)
V  [jvm.dll+0x6ca6d9]
V  [jvm.dll+0x854f51]
V  [jvm.dll+0x85747e]
V  [jvm.dll+0x857b53]
V  [jvm.dll+0x27dcc6]
V  [jvm.dll+0x6c6e55]
V  [jvm.dll+0x6bb9da]
V  [jvm.dll+0x35393a]
V  [jvm.dll+0x35b596]
V  [jvm.dll+0x3adf13]
V  [jvm.dll+0x3ae1a8]
V  [jvm.dll+0x327cbc]
V  [jvm.dll+0x32881b]
V  [jvm.dll+0x81e309]
V  [jvm.dll+0x3babe1]
V  [jvm.dll+0x807658]
V  [jvm.dll+0x44fdae]
V  [jvm.dll+0x4519a1]
C  [jli.dll+0x52a3]
C  [ucrtbase.dll+0x37b0]
C  [KERNEL32.DLL+0x2e8d7]
C  [ntdll.dll+0x8c53c]


---------------  P R O C E S S  ---------------

Threads class SMR info:
_java_thread_list=0x00007ffa0e15cc08, length=0, elements={
}

Java Threads: ( => current thread )
Total: 0

Other Threads:
  0x00000214366e0530 WorkerThread "GC Thread#0"                     [id=19268, stack(0x00000037aab00000,0x00000037aac00000) (1024K)]
  0x00000214366f1250 ConcurrentGCThread "G1 Main Marker"            [id=24756, stack(0x00000037aac00000,0x00000037aad00000) (1024K)]
  0x00000214366f3be0 WorkerThread "G1 Conc#0"                       [id=7980, stack(0x00000037aad00000,0x00000037aae00000) (1024K)]

[error occurred during error reporting (printing all threads), id 0xc0000005, EXCEPTION_ACCESS_VIOLATION (0xc0000005) at pc=0x00007ffa0d8ca427]
VM state: not at safepoint (not fully initialized)

VM Mutex/Monitor currently owned by a thread:  ([mutex/lock_event])
[0x00007ffa0e1cdf98] Heap_lock - owner thread: 0x0000021434c01710

Heap address: 0x0000000702c00000, size: 4052 MB, Compressed Oops mode: Zero based, Oop shift amount: 3

CDS archive(s) mapped at: [0x0000000000000000-0x0000000000000000-0x0000000000000000), size 0, SharedBaseAddress: 0x0000000800000000, ArchiveRelocationMode: 1.
Narrow klass base: 0x0000000000000000, Narrow klass shift: 0, Narrow klass range: 0x0

GC Precious Log:
 CardTable entry size: 512
 Card Set container configuration: InlinePtr #cards 4 size 8 Array Of Cards #cards 16 size 48 Howl #buckets 8 coarsen threshold 3686 Howl Bitmap #cards 512 size 80 coarsen threshold 460 Card regions per heap region 1 cards per card region 4096

Heap:
 garbage-first heap   total 0K, used 0K [0x0000000702c00000, 0x0000000800000000)
  region size 2048K, 0 young (0K), 0 survivors (0K)

[error occurred during error reporting (printing heap information), id 0xc0000005, EXCEPTION_ACCESS_VIOLATION (0xc0000005) at pc=0x00007ffa0dcb36a9]
GC Heap History (0 events):
No events

Dll operation events (1 events):
Event: 0.006 Loaded shared library D:\Java\jdkVersion\jdk-21\bin\java.dll

Deoptimization events (0 events):
No events

Classes loaded (0 events):
No events

Classes unloaded (0 events):
No events

Classes redefined (0 events):
No events

Internal exceptions (0 events):
No events

ZGC Phase Switch (0 events):
No events

VM Operations (0 events):
No events

Events (0 events):
No events


Dynamic libraries:
0x00007ff75e5e0000 - 0x00007ff75e5f0000 	D:\Java\jdkVersion\jdk-21\bin\java.exe
0x00007ffa76140000 - 0x00007ffa763a8000 	C:\WINDOWS\SYSTEM32\ntdll.dll
0x00007ffa74260000 - 0x00007ffa74329000 	C:\WINDOWS\System32\KERNEL32.DLL
0x00007ffa738f0000 - 0x00007ffa73ce2000 	C:\WINDOWS\System32\KERNELBASE.dll
0x00007ffa737a0000 - 0x00007ffa738eb000 	C:\WINDOWS\System32\ucrtbase.dll
0x00007ffa4a620000 - 0x00007ffa4a639000 	D:\Java\jdkVersion\jdk-21\bin\jli.dll
0x00007ffa3fe60000 - 0x00007ffa3fe7b000 	D:\Java\jdkVersion\jdk-21\bin\VCRUNTIME140.dll
0x00007ffa75d70000 - 0x00007ffa75e24000 	C:\WINDOWS\System32\ADVAPI32.dll
0x00007ffa741b0000 - 0x00007ffa74259000 	C:\WINDOWS\System32\msvcrt.dll
0x00007ffa75e30000 - 0x00007ffa75ed6000 	C:\WINDOWS\System32\sechost.dll
0x00007ffa75c50000 - 0x00007ffa75d68000 	C:\WINDOWS\System32\RPCRT4.dll
0x00007ffa759d0000 - 0x00007ffa75b95000 	C:\WINDOWS\System32\USER32.dll
0x00007ffa73390000 - 0x00007ffa733b7000 	C:\WINDOWS\System32\win32u.dll
0x00007ffa5cdd0000 - 0x00007ffa5d063000 	C:\WINDOWS\WinSxS\amd64_microsoft.windows.common-controls_6595b64144ccf1df_6.0.26100.6899_none_3e0efeeae32e88c1\COMCTL32.dll
0x00007ffa759a0000 - 0x00007ffa759cb000 	C:\WINDOWS\System32\GDI32.dll
0x00007ffa734f0000 - 0x00007ffa7361d000 	C:\WINDOWS\System32\gdi32full.dll
0x00007ffa73e60000 - 0x00007ffa73f03000 	C:\WINDOWS\System32\msvcp_win.dll
0x00007ffa6aca0000 - 0x00007ffa6acab000 	C:\WINDOWS\SYSTEM32\VERSION.dll
0x00007ffa73f10000 - 0x00007ffa73f3f000 	C:\WINDOWS\System32\IMM32.DLL
0x00007ffa5d6e0000 - 0x00007ffa5d6ec000 	D:\Java\jdkVersion\jdk-21\bin\vcruntime140_1.dll
0x00007ffa3a080000 - 0x00007ffa3a10e000 	D:\Java\jdkVersion\jdk-21\bin\msvcp140.dll
0x00007ffa0d590000 - 0x00007ffa0e2aa000 	D:\Java\jdkVersion\jdk-21\bin\server\jvm.dll
0x00007ffa75bd0000 - 0x00007ffa75c44000 	C:\WINDOWS\System32\WS2_32.dll
0x00007ffa73130000 - 0x00007ffa7318e000 	C:\WINDOWS\SYSTEM32\POWRPROF.dll
0x00007ffa5f870000 - 0x00007ffa5f8a5000 	C:\WINDOWS\SYSTEM32\WINMM.dll
0x00007ffa73110000 - 0x00007ffa73124000 	C:\WINDOWS\SYSTEM32\UMPDC.dll
0x00007ffa72070000 - 0x00007ffa7208b000 	C:\WINDOWS\SYSTEM32\kernel.appcore.dll
0x00007ffa5d560000 - 0x00007ffa5d56a000 	D:\Java\jdkVersion\jdk-21\bin\jimage.dll
0x00007ffa5e450000 - 0x00007ffa5e692000 	C:\WINDOWS\SYSTEM32\DBGHELP.DLL
0x00007ffa74340000 - 0x00007ffa746bb000 	C:\WINDOWS\System32\combase.dll
0x00007ffa75800000 - 0x00007ffa758d7000 	C:\WINDOWS\System32\OLEAUT32.dll
0x00007ffa5a190000 - 0x00007ffa5a1cc000 	C:\WINDOWS\SYSTEM32\dbgcore.DLL
0x00007ffa733c0000 - 0x00007ffa73458000 	C:\WINDOWS\System32\bcryptPrimitives.dll
0x00007ffa3f410000 - 0x00007ffa3f42f000 	D:\Java\jdkVersion\jdk-21\bin\java.dll

dbghelp: loaded successfully - version: 4.0.5 - missing functions: none
symbol engine: initialized successfully - sym options: 0x614 - pdb path: .;D:\Java\jdkVersion\jdk-21\bin;C:\WINDOWS\SYSTEM32;C:\WINDOWS\WinSxS\amd64_microsoft.windows.common-controls_6595b64144ccf1df_6.0.26100.6899_none_3e0efeeae32e88c1;D:\Java\jdkVersion\jdk-21\bin\server

VM Arguments:
jvm_args: -Dnet.bytebuddy.agent.attacher.dump= 
java_command: net.bytebuddy.agent.Attacher com.sun.tools.attach.VirtualMachine 20928 C:\Users\cuba3\.m2\repository\net\bytebuddy\byte-buddy-agent\1.17.6\byte-buddy-agent-1.17.6.jar false 
java_class_path (initial): C:\Users\cuba3\.m2\repository\net\bytebuddy\byte-buddy-agent\1.17.6\byte-buddy-agent-1.17.6.jar
Launcher Type: SUN_STANDARD

[Global flags]
     intx CICompilerCount                          = 4                                         {product} {ergonomic}
     uint ConcGCThreads                            = 3                                         {product} {ergonomic}
     uint G1ConcRefinementThreads                  = 10                                        {product} {ergonomic}
   size_t G1HeapRegionSize                         = 2097152                                   {product} {ergonomic}
    uintx GCDrainStackTargetSize                   = 64                                        {product} {ergonomic}
   size_t InitialHeapSize                          = 266338304                                 {product} {ergonomic}
   size_t MarkStackSize                            = 4194304                                   {product} {ergonomic}
   size_t MaxHeapSize                              = 4248829952                                {product} {ergonomic}
   size_t MinHeapDeltaBytes                        = 2097152                                   {product} {ergonomic}
   size_t MinHeapSize                              = 8388608                                   {product} {ergonomic}
    uintx NonNMethodCodeHeapSize                   = 5839372                                {pd product} {ergonomic}
    uintx NonProfiledCodeHeapSize                  = 122909434                              {pd product} {ergonomic}
    uintx ProfiledCodeHeapSize                     = 122909434                              {pd product} {ergonomic}
    uintx ReservedCodeCacheSize                    = 251658240                              {pd product} {ergonomic}
     bool SegmentedCodeCache                       = true                                      {product} {ergonomic}
   size_t SoftMaxHeapSize                          = 4248829952                             {manageable} {ergonomic}
     bool UseCompressedOops                        = true                           {product lp64_product} {ergonomic}
     bool UseG1GC                                  = true                                      {product} {ergonomic}
     bool UseLargePagesIndividualAllocation        = false                                  {pd product} {ergonomic}

Logging:
Log output configuration:
 #0: stdout all=warning uptime,level,tags foldmultilines=false
 #1: stderr all=off uptime,level,tags foldmultilines=false

Environment Variables:
JAVA_HOME=D:\Java\jdkVersion\jdk-21
PATH=C:\Program Files\nodejs\;C:\ProgramData\chocolatey\bin;D:\Java\jdkVersion\jdk-21\bin;C:\Program Files (x86)\VMware\VMware Workstation\bin\;C:\Program Files\Microsoft MPI\Bin\;C:\Windows\system32;C:\Windows;C:\Windows\System32\Wbem;C:\Windows\System32\WindowsPowerShell\v1.0\;C:\Windows\System32\OpenSSH\;C:\Program Files\Git\cmd;C:\Program Files\Docker\Docker\resources\bin;C:\Program Files (x86)\Microsoft SQL Server\160\Tools\Binn\;C:\Program Files\Microsoft SQL Server\160\Tools\Binn\;C:\Program Files\Microsoft SQL Server\Client SDK\ODBC\170\Tools\Binn\;C:\Program Files\Microsoft SQL Server\160\DTS\Binn\;C:\Program Files (x86)\Microsoft SQL Server\160\DTS\Binn\;D:\Java\apache-maven-3.9.10\bin;C:\Program Files\MySQL\MySQL Server 8.0\bin;C:\Program Files\MySQL\MySQL Shell 8.0\bin\;C:\Users\cuba3\AppData\Local\Programs\Python\Python313\Scripts\;C:\Users\cuba3\AppData\Local\Programs\Python\Python313\;C:\;C:\Users\cuba3\AppData\Roaming\npm;C:\Users\cuba3\AppData\Local\Programs\Microsoft VS Code\bin;C:\Users\cuba3\AppData\Local\Microsoft\WindowsApps;C:\Program Files\PostgreSQL\17\bin;C:\Program Files\nodejs\;C:\Program Files\PostgreSQL\16\bin;c:\Users\cuba3\.vscode\extensions\vscjava.vscode-java-debug-0.58.3\bundled\scripts\noConfigScripts
USERNAME=cuba3
LANG=en_US.UTF-8
OS=Windows_NT
PROCESSOR_IDENTIFIER=Intel64 Family 6 Model 165 Stepping 2, GenuineIntel
TMP=C:\Users\cuba3\AppData\Local\Temp
TEMP=C:\Users\cuba3\AppData\Local\Temp




Periodic native trim disabled

---------------  S Y S T E M  ---------------

OS:
 Windows 11 , 64 bit Build 26100 (10.0.26100.6725)
OS uptime: 1 days 1:29 hours
Hyper-V role detected

CPU: total 12 (initial active 12) (6 cores per cpu, 2 threads per core) family 6 model 165 stepping 2 microcode 0xe2, cx8, cmov, fxsr, ht, mmx, 3dnowpref, sse, sse2, sse3, ssse3, sse4.1, sse4.2, popcnt, lzcnt, tsc, tscinvbit, avx, avx2, aes, erms, clmul, bmi1, bmi2, adx, fma, vzeroupper, clflush, clflushopt, hv, rdtscp, f16c
Processor Information for all 12 processors :
  Max Mhz: 2592, Current Mhz: 2592, Mhz Limit: 2592

Memory: 4k page, system-wide physical 16202M (907M free)
TotalPageFile size 24394M (AvailPageFile size 30M)
current process WorkingSet (physical memory assigned to process): 12M, peak: 12M
current process commit charge ("private bytes"): 319M, peak: 323M

vm_info: Java HotSpot(TM) 64-Bit Server VM (21.0.6+8-LTS-188) for windows-amd64 JRE (21.0.6+8-LTS-188), built on 2024-12-03T10:50:54Z by "mach5one" with MS VC++ 17.6 (VS2022)

END.
